<?xml version="1.0" encoding="UTF-8"?>
<!-- Generated by org.testng.reporters.JUnitXMLReporter -->
<testsuite hostname="QSP-BTM-FAC-PC" name="TestOnChrome" tests="7" failures="1" timestamp="9 Apr 2017 11:52:20 GMT" time="65.731" errors="0">
  <testcase name="testAutoLoginLogout1" time="0.005" classname="com.hrm.scripts.LoginLogoutTest"/>
  <testcase name="testSearchButton" time="0.678" classname="com.hrm.scripts.TestSearchButton"/>
  <testcase name="testLoginButtonIsPresent" time="0.041" classname="com.hrm.scripts.TestLoginButtonIsPresent"/>
  <testcase name="testCreateDeleteEmp" time="17.33" classname="com.hrm.scripts.TestCreateDeleteEmp"/>
  <testcase name="testIncludeListBox" time="0.816" classname="com.hrm.scripts.TestIncludeListBox">
    <failure type="java.lang.AssertionError" message="FAIL:ListBox is Not Sorted expected [true] but found [false]">
      <![CDATA[java.lang.AssertionError: FAIL:ListBox is Not Sorted expected [true] but found [false]
	at com.hrm.base.BasePage.checkListBoxIsSorted(BasePage.java:28)
	at com.hrm.pages.EmpInfoPage.checkIncludeListBoxIsSorted(EmpInfoPage.java:53)
	at com.hrm.scripts.TestIncludeListBox.testIncludeListBox(TestIncludeListBox.java:21)
	at java.util.concurrent.FutureTask.run(Unknown Source)
	at java.util.concurrent.ThreadPoolExecutor.runWorker(Unknown Source)
	at java.util.concurrent.ThreadPoolExecutor$Worker.run(Unknown Source)
	at java.lang.Thread.run(Unknown Source)
... Removed 19 stack frames]]>
    </failure>
  </testcase> <!-- testIncludeListBox -->
  <testcase name="testJobTitle" time="5.493" classname="com.hrm.scripts.TestJobTitle"/>
  <testcase name="testUserRoleListBox" time="1.021" classname="com.hrm.scripts.TestUserRoleListBox"/>
</testsuite> <!-- TestOnChrome -->
