<?xml version="1.0" encoding="UTF-8"?>
<!-- Generated by org.testng.reporters.JUnitXMLReporter -->
<testsuite hostname="QSP-BTM-FAC-PC" name="TestOnChrome" tests="5" failures="1" timestamp="2 Apr 2017 13:10:37 GMT" time="53.213" errors="0">
  <testcase name="testAutoLoginLogout1" time="0.0" classname="com.hrm.scripts.LoginLogoutTest"/>
  <testcase name="testSearchButton" time="1.275" classname="com.hrm.scripts.TestSearchButton"/>
  <testcase name="testLoginButtonIsPresent" time="0.051" classname="com.hrm.scripts.TestLoginButtonIsPresent"/>
  <testcase name="testCreateDeleteEmp" time="22.87" classname="com.hrm.scripts.TestCreateDeleteEmp"/>
  <testcase name="testIncludeListBox" time="0.698" classname="com.hrm.scripts.TestIncludeListBox">
    <failure type="java.lang.AssertionError" message="FAIL:ListBox is Not Sorted expected [true] but found [false]">
      <![CDATA[java.lang.AssertionError: FAIL:ListBox is Not Sorted expected [true] but found [false]
	at com.hrm.base.BasePage.checkListBoxIsSorted(BasePage.java:28)
	at com.hrm.pages.EmpInfoPage.checkIncludeListBoxIsSorted(EmpInfoPage.java:53)
	at com.hrm.scripts.TestIncludeListBox.testIncludeListBox(TestIncludeListBox.java:21)
	at java.util.concurrent.FutureTask.run(Unknown Source)
	at java.util.concurrent.ThreadPoolExecutor.runWorker(Unknown Source)
	at java.util.concurrent.ThreadPoolExecutor$Worker.run(Unknown Source)
	at java.lang.Thread.run(Unknown Source)
... Removed 19 stack frames]]>
    </failure>
  </testcase> <!-- testIncludeListBox -->
</testsuite> <!-- TestOnChrome -->
