<?xml version="1.0" encoding="UTF-8"?>
<testng-results skipped="0" failed="0" total="1" passed="1">
  <reporter-output>
  </reporter-output>
  <suite name="Default suite" duration-ms="12188" started-at="2017-04-09T13:02:02Z" finished-at="2017-04-09T13:02:14Z">
    <groups>
    </groups>
    <test name="Default test" duration-ms="12188" started-at="2017-04-09T13:02:02Z" finished-at="2017-04-09T13:02:14Z">
      <class name="com.hrm.scripts.TestLeaveListToolTip">
        <test-method status="PASS" signature="initFrameWork()[pri:0, instance:com.hrm.scripts.TestLeaveListToolTip@7e0ea639]" name="initFrameWork" is-config="true" duration-ms="234" started-at="2017-04-09T18:32:02Z" finished-at="2017-04-09T18:32:02Z">
          <reporter-output>
          </reporter-output>
        </test-method> <!-- initFrameWork -->
        <test-method status="PASS" signature="initApplication(java.lang.String)[pri:0, instance:com.hrm.scripts.TestLeaveListToolTip@7e0ea639]" name="initApplication" is-config="true" duration-ms="3501" started-at="2017-04-09T18:32:02Z" finished-at="2017-04-09T18:32:06Z">
          <params>
            <param index="0">
              <value>
                <![CDATA[chrome]]>
              </value>
            </param>
          </params>
          <reporter-output>
          </reporter-output>
        </test-method> <!-- initApplication -->
        <test-method status="PASS" signature="initGlobalVar()[pri:0, instance:com.hrm.scripts.TestLeaveListToolTip@7e0ea639]" name="initGlobalVar" is-config="true" duration-ms="0" started-at="2017-04-09T18:32:02Z" finished-at="2017-04-09T18:32:02Z">
          <reporter-output>
          </reporter-output>
        </test-method> <!-- initGlobalVar -->
        <test-method status="PASS" signature="preCondition(java.lang.reflect.Method)[pri:0, instance:com.hrm.scripts.TestLeaveListToolTip@7e0ea639]" name="preCondition" is-config="true" duration-ms="1728" started-at="2017-04-09T18:32:06Z" finished-at="2017-04-09T18:32:08Z">
          <params>
            <param index="0">
              <value>
                <![CDATA[public void com.hrm.scripts.TestLeaveListToolTip.testLeaveListToolTip() throws java.lang.InterruptedException,java.awt.AWTException]]>
              </value>
            </param>
          </params>
          <reporter-output>
          </reporter-output>
        </test-method> <!-- preCondition -->
        <test-method status="PASS" signature="testLeaveListToolTip()[pri:0, instance:com.hrm.scripts.TestLeaveListToolTip@7e0ea639]" name="testLeaveListToolTip" duration-ms="6032" started-at="2017-04-09T18:32:08Z" finished-at="2017-04-09T18:32:14Z">
          <reporter-output>
          </reporter-output>
        </test-method> <!-- testLeaveListToolTip -->
        <test-method status="PASS" signature="postCondition(org.testng.ITestResult)[pri:0, instance:com.hrm.scripts.TestLeaveListToolTip@7e0ea639]" name="postCondition" is-config="true" duration-ms="263" started-at="2017-04-09T18:32:14Z" finished-at="2017-04-09T18:32:14Z">
          <params>
            <param index="0">
              <value>
                <![CDATA[[TestResult name=testLeaveListToolTip status=SUCCESS method=TestLeaveListToolTip.testLeaveListToolTip()[pri:0, instance:com.hrm.scripts.TestLeaveListToolTip@7e0ea639] output={null}]]]>
              </value>
            </param>
          </params>
          <reporter-output>
          </reporter-output>
        </test-method> <!-- postCondition -->
        <test-method status="PASS" signature="closeApplication()[pri:0, instance:com.hrm.scripts.TestLeaveListToolTip@7e0ea639]" name="closeApplication" is-config="true" duration-ms="647" started-at="2017-04-09T18:32:14Z" finished-at="2017-04-09T18:32:14Z">
          <reporter-output>
          </reporter-output>
        </test-method> <!-- closeApplication -->
        <test-method status="PASS" signature="publishReport()[pri:0, instance:com.hrm.scripts.TestLeaveListToolTip@7e0ea639]" name="publishReport" is-config="true" duration-ms="218" started-at="2017-04-09T18:32:14Z" finished-at="2017-04-09T18:32:15Z">
          <reporter-output>
          </reporter-output>
        </test-method> <!-- publishReport -->
      </class> <!-- com.hrm.scripts.TestLeaveListToolTip -->
    </test> <!-- Default test -->
  </suite> <!-- Default suite -->
</testng-results>
